
> inventario-ganaderia-api@1.0.0 dev
> tsx watch src/index.ts

node:events:486
      throw er; // Unhandled 'error' event
      ^

Error: listen EADDRINUSE: address already in use :::4000
    at Server.setupListenHandle [as _listen2] (node:net:1940:16)
    at listenInCluster (node:net:1997:12)
    at Server.listen (node:net:2102:7)
    at app.listen (C:\Users\Fernando\Desktop\InventarioGanaderia\apps\api\node_modules\express\lib\application.js:635:24)
    at <anonymous> (C:\Users\Fernando\Desktop\InventarioGanaderia\apps\api\src\index.ts:6:5)
    at Object.<anonymous> (C:\Users\Fernando\Desktop\InventarioGanaderia\apps\api\src\index.ts:9:2)
    at Module._compile (node:internal/modules/cjs/loader:1761:14)
    at Object.transformer (C:\Users\Fernando\Desktop\InventarioGanaderia\apps\api\node_modules\tsx\dist\register-D46fvsV_.cjs:3:1104)
    at Module.load (node:internal/modules/cjs/loader:1481:32)
    at Module._load (node:internal/modules/cjs/loader:1300:12)
Emitted 'error' event on Server instance at:
    at emitErrorNT (node:net:1976:8)
    at process.processTicksAndRejections (node:internal/process/task_queues:89:21) {
  code: 'EADDRINUSE',
  errno: -4091,
  syscall: 'listen',
  address: '::',
  port: 4000
}

Node.js v24.12.0
^C^C